=================================================================
==35469==ERROR: AddressSanitizer: heap-buffer-overflow on address 0x602000000031 at pc 0x7f5f002755d0 bp 0x7ffc99b0d560 sp 0x7ffc99b0ccd8
READ of size 2 at 0x602000000031 thread T0
    #0 0x7f5f002755cf in printf_common /usr/src/debug/gcc/libsanitizer/sanitizer_common/sanitizer_common_interceptors_format.inc:553
    #1 0x7f5f00275cd4 in __interceptor_vprintf /usr/src/debug/gcc/libsanitizer/sanitizer_common/sanitizer_common_interceptors.inc:1657
    #2 0x7f5f00275dd7 in __interceptor_printf /usr/src/debug/gcc/libsanitizer/sanitizer_common/sanitizer_common_interceptors.inc:1715
    #3 0x557b426fe2bd in dump /home/ben/repos/ficor/main.c:284
    #4 0x557b426ffd35 in main /home/ben/repos/ficor/main.c:378
    #5 0x7f5eff83c28f  (/usr/lib/libc.so.6+0x2328f)
    #6 0x7f5eff83c349 in __libc_start_main (/usr/lib/libc.so.6+0x23349)
    #7 0x557b426fb2e4 in _start ../sysdeps/x86_64/start.S:115

0x602000000031 is located 0 bytes to the right of 1-byte region [0x602000000030,0x602000000031)
allocated by thread T0 here:
    #0 0x7f5f002bfa89 in __interceptor_malloc /usr/src/debug/gcc/libsanitizer/asan/asan_malloc_linux.cpp:69
    #1 0x557b426fbab4 in load_ficor /home/ben/repos/ficor/main.c:168
    #2 0x557b426ffb97 in main /home/ben/repos/ficor/main.c:369
    #3 0x7f5eff83c28f  (/usr/lib/libc.so.6+0x2328f)

SUMMARY: AddressSanitizer: heap-buffer-overflow /usr/src/debug/gcc/libsanitizer/sanitizer_common/sanitizer_common_interceptors_format.inc:553 in printf_common
Shadow bytes around the buggy address:
  0x0c047fff7fb0: 00 00 00 00 00 00 00 00 00 00 00 00 00 00 00 00
  0x0c047fff7fc0: 00 00 00 00 00 00 00 00 00 00 00 00 00 00 00 00
  0x0c047fff7fd0: 00 00 00 00 00 00 00 00 00 00 00 00 00 00 00 00
  0x0c047fff7fe0: 00 00 00 00 00 00 00 00 00 00 00 00 00 00 00 00
  0x0c047fff7ff0: 00 00 00 00 00 00 00 00 00 00 00 00 00 00 00 00
=>0x0c047fff8000: fa fa 06 fa fa fa[01]fa fa fa 05 fa fa fa fa fa
  0x0c047fff8010: fa fa fa fa fa fa fa fa fa fa fa fa fa fa fa fa
  0x0c047fff8020: fa fa fa fa fa fa fa fa fa fa fa fa fa fa fa fa
  0x0c047fff8030: fa fa fa fa fa fa fa fa fa fa fa fa fa fa fa fa
  0x0c047fff8040: fa fa fa fa fa fa fa fa fa fa fa fa fa fa fa fa
  0x0c047fff8050: fa fa fa fa fa fa fa fa fa fa fa fa fa fa fa fa
Shadow byte legend (one shadow byte represents 8 application bytes):
  Addressable:           00
  Partially addressable: 01 02 03 04 05 06 07 
  Heap left redzone:       fa
  Freed heap region:       fd
  Stack left redzone:      f1
  Stack mid redzone:       f2
  Stack right redzone:     f3
  Stack after return:      f5
  Stack use after scope:   f8
  Global redzone:          f9
  Global init order:       f6
  Poisoned by user:        f7
  Container overflow:      fc
  Array cookie:            ac
  Intra object redzone:    bb
  ASan internal:           fe
  Left alloca redzone:     ca
  Right alloca redzone:    cb
==35469==ABORTING
